2024-09-13 21:58:50,031 - INFO - Fetching page 1 from URL: https://batdongsan.com.vn/nha-dat-ban-ha-noi/p1
2024-09-13 21:58:56,970 - INFO - Getting page 1
2024-09-13 21:58:57,376 - INFO - Fetching details from: https://batdongsan.com.vn/nha-dat-ban-ha-noi/ban-nha-biet-thu-lien-ke-duong-co-loa-xa-dong-hoi-prj-vinhomes-co-loa/-doc-quyen-7-can-quy-thuong-song-lap-don-lap-view-vuon-hoa-don-gia-2xxtr-m2-pr40914442
2024-09-13 21:58:58,040 - INFO - Fetching details from: https://batdongsan.com.vn/nha-dat-ban-ha-noi/ban-nha-biet-thu-lien-ke-duong-co-loa-xa-dong-hoi-prj-vinhomes-co-loa/quy-hang-dep-mo-ban-dot-1-cac-loai-can-mat-cong-vien-canh-chung-cu-goc-xe-khe-ben-em-deu-co-pr40904698
2024-09-13 21:58:58,159 - ERROR - Error fetching details from https://batdongsan.com.vn/nha-dat-ban-ha-noi/ban-nha-biet-thu-lien-ke-duong-co-loa-xa-dong-hoi-prj-vinhomes-co-loa/quy-hang-dep-mo-ban-dot-1-cac-loai-can-mat-cong-vien-canh-chung-cu-goc-xe-khe-ben-em-deu-co-pr40904698: 403 Client Error: Forbidden for url: https://batdongsan.com.vn/nha-dat-ban-ha-noi/ban-nha-biet-thu-lien-ke-duong-co-loa-xa-dong-hoi-prj-vinhomes-co-loa/quy-hang-dep-mo-ban-dot-1-cac-loai-can-mat-cong-vien-canh-chung-cu-goc-xe-khe-ben-em-deu-co-pr40904698
2024-09-13 21:58:58,160 - INFO - Fetching details from: https://batdongsan.com.vn/nha-dat-ban-ha-noi/ban-can-ho-chung-cu-phuong-phu-thuong-1-prj-sunshine-golden-river/bang-hang-chuyen-nhuong-doc-quyen-t9-gia-tot-nhat-kh-dc-gap-chu-nha-de-chot-gia-xem-nha-24-7-pr40881886
2024-09-13 21:58:59,585 - INFO - Fetching details from: https://batdongsan.com.vn/nha-dat-ban-ha-noi/ban-nha-rieng-duong-mac-thai-to-phuong-yen-hoa-2/ban-cau-giay-phan-lo-o-via-he-40m-6-tang-14-9-ty-lh-pr40425452
2024-09-13 21:59:00,494 - INFO - Fetching details from: https://batdongsan.com.vn/nha-dat-ban-ha-noi/ban-nha-rieng-duong-dich-vong-phuong-dich-vong/anh-that-chinh-chu-can-ban-pho-o-to-do-cua-gan-pho-35-5m2-5-tang-chi-7ty-pr40384169
2024-09-13 21:59:01,190 - INFO - Fetching details from: https://batdongsan.com.vn/nha-dat-ban-ha-noi/ban-nha-rieng-duong-nguyen-khang-phuong-yen-hoa-2/tin-that-ban-cau-giay-phan-lo-oto-gara-mat-ngo-thong-67m-x-4-x-4-5m-mt-15-5ty-pr40802054
2024-09-13 21:59:01,443 - ERROR - Error fetching details from https://batdongsan.com.vn/nha-dat-ban-ha-noi/ban-nha-rieng-duong-nguyen-khang-phuong-yen-hoa-2/tin-that-ban-cau-giay-phan-lo-oto-gara-mat-ngo-thong-67m-x-4-x-4-5m-mt-15-5ty-pr40802054: 403 Client Error: Forbidden for url: https://batdongsan.com.vn/nha-dat-ban-ha-noi/ban-nha-rieng-duong-nguyen-khang-phuong-yen-hoa-2/tin-that-ban-cau-giay-phan-lo-oto-gara-mat-ngo-thong-67m-x-4-x-4-5m-mt-15-5ty-pr40802054
2024-09-13 21:59:01,443 - INFO - Fetching details from: https://batdongsan.com.vn/nha-dat-ban-ha-noi/ban-nha-rieng-duong-nguyen-khang-phuong-yen-hoa-2/ban-phan-lo-2-mat-ngo-o-to-lo-goc-95m2-4-tang-4-7m-mt-nhinh-15ty-pr40489071
2024-09-13 21:59:02,121 - INFO - Fetching details from: https://batdongsan.com.vn/nha-dat-ban-ha-noi/ban-dat-duong-23-2-xa-dai-mach/ban-47m2-lung-dong-anh-to-rong-ngo-thong-o-to-di-pr40762100
2024-09-13 21:59:03,841 - INFO - Fetching details from: https://batdongsan.com.vn/nha-dat-ban-ha-noi/ban-nha-rieng-duong-bac-hong-xa-bac-hong-1/-45m2-dep-moi-xay-3-tang-noi-that-sang-xin-min-chi-hon-2-ty-xiu-tai-dong-anh-pr40193639
2024-09-13 21:59:03,949 - ERROR - Error fetching details from https://batdongsan.com.vn/nha-dat-ban-ha-noi/ban-nha-rieng-duong-bac-hong-xa-bac-hong-1/-45m2-dep-moi-xay-3-tang-noi-that-sang-xin-min-chi-hon-2-ty-xiu-tai-dong-anh-pr40193639: 403 Client Error: Forbidden for url: https://batdongsan.com.vn/nha-dat-ban-ha-noi/ban-nha-rieng-duong-bac-hong-xa-bac-hong-1/-45m2-dep-moi-xay-3-tang-noi-that-sang-xin-min-chi-hon-2-ty-xiu-tai-dong-anh-pr40193639
2024-09-13 21:59:03,950 - INFO - Fetching details from: https://batdongsan.com.vn/nha-dat-ban-ha-noi/ban-can-ho-chung-cu-xa-duong-xa-prj-vinhomes-ocean-park-gia-lam/chinh-chu-ban-gap-2pn-2vs-goc-2-5ty-full-do-tai-park-pr39541573
2024-09-13 21:59:04,563 - INFO - Fetching details from: https://batdongsan.com.vn/nha-dat-ban-ha-noi/ban-nha-biet-thu-lien-ke-duong-nguyen-tuan-phuong-nhan-chinh-prj-hdi-homes-nguyen-tuan/-chu-201-mt-7-5m-4-tang-1-ham-huong-dn-cho-thue-50tr-thang-pr40114247
2024-09-13 21:59:05,205 - INFO - Fetching details from: https://batdongsan.com.vn/nha-dat-ban-ha-noi/ban-nha-rieng-duong-ho-tung-mau-phuong-mai-dich/ccmn-8-tang-lo-goc-29-phong-ngo-oto-vao-da-lap-kin-phong-dong-tien-hon-2-ty-nam-pr40831361
2024-09-13 21:59:05,768 - INFO - Fetching details from: https://batdongsan.com.vn/nha-dat-ban-ha-noi/ban-can-ho-chung-cu-phuong-phu-thuong-1-prj-sunshine-golden-river/ban-2-cao-cap-ko-gian-song-xanh-142m2-va-160m2-re-hon-gia-goc-cdt-pr40768951
2024-09-13 21:59:07,437 - INFO - Fetching details from: https://batdongsan.com.vn/nha-dat-ban-ha-noi/ban-nha-biet-thu-lien-ke-duong-co-loa-xa-dong-hoi-prj-vinhomes-co-loa/chinh-thuc-mo-ban-quy-can-dep-nhat-gia-tot-nhat-shophouse-thu-pr40885700
2024-09-13 21:59:08,382 - INFO - Fetching details from: https://batdongsan.com.vn/nha-dat-ban-ha-noi/ban-can-ho-chung-cu-xa-duong-xa-prj-vinhomes-ocean-park-gia-lam/thanh-trung-group-quy-chinh-chu-gui-ban-phap-ly-ro-rang-p-ly-nhat-pr39722407
2024-09-13 21:59:08,887 - INFO - Fetching details from: https://batdongsan.com.vn/nha-dat-ban-ha-noi/ban-nha-biet-thu-lien-ke-duong-co-loa-xa-dong-hoi-prj-vinhomes-co-loa/top3-can-doi-dien-chung-cu-view-vuon-hoa-ap-goc-chung-cu-gia-sieu-tot-lh-pr40909497
2024-09-13 21:59:11,167 - INFO - Fetching details from: https://batdongsan.com.vn/nha-dat-ban-ha-noi/ban-can-ho-chung-cu-xa-duong-xa-prj-vinhomes-ocean-park-gia-lam/quy-chuyen-nhuong-doc-quyen-tan-goc-phap-ly-ro-rang-pr40302007
2024-09-13 21:59:11,937 - INFO - Fetching details from: https://batdongsan.com.vn/nha-dat-ban-ha-noi/ban-nha-biet-thu-lien-ke-duong-co-loa-xa-dong-hoi-prj-vinhomes-co-loa/mo-ban-dot-dau-du-an-global-gate-anh-ha-noi-pr40878721
2024-09-13 21:59:13,744 - INFO - Fetching details from: https://batdongsan.com.vn/nha-dat-ban-ha-noi/ban-nha-biet-thu-lien-ke-duong-tan-mai-phuong-hoang-van-thu-4-prj-louis-city-hoang-mai/chuyen-huong-dau-tu-can-ban-2-can-shophouse-mat-22-5m-va-mat-17m-tai-du-an-city-pr39746125
2024-09-13 21:59:14,344 - INFO - Fetching details from: https://batdongsan.com.vn/nha-dat-ban-ha-noi/ban-can-ho-chung-cu-xa-duong-xa-prj-vinhomes-ocean-park-gia-lam/mo-ban-2pn-the-london-vin-ocp1-2-nam-dong-15-gtch-htls-30-thang-ck-len-toi-17-pr40903908
2024-09-13 21:59:14,926 - INFO - Fetching details from: https://batdongsan.com.vn/nha-dat-ban-ha-noi/ban-can-ho-chung-cu-phuong-tay-mo-prj-the-victoria-vinhomes-smart-city/-tu-mong-2pn-63m2-huong-dn-2-ham-xe-canh-bai-de-xe-city-pr40831297
2024-09-13 21:59:15,038 - ERROR - Error fetching details from https://batdongsan.com.vn/nha-dat-ban-ha-noi/ban-can-ho-chung-cu-phuong-tay-mo-prj-the-victoria-vinhomes-smart-city/-tu-mong-2pn-63m2-huong-dn-2-ham-xe-canh-bai-de-xe-city-pr40831297: 403 Client Error: Forbidden for url: https://batdongsan.com.vn/nha-dat-ban-ha-noi/ban-can-ho-chung-cu-phuong-tay-mo-prj-the-victoria-vinhomes-smart-city/-tu-mong-2pn-63m2-huong-dn-2-ham-xe-canh-bai-de-xe-city-pr40831297
2024-09-13 21:59:15,038 - INFO - Fetching details from: https://batdongsan.com.vn/nha-dat-ban-ha-noi/ban-can-ho-chung-cu-xa-duong-xa-prj-vinhomes-ocean-park-gia-lam/quy-view-dep-chinh-chu-ban-cat-lo-tu-300tr-so-do-chinh-chu-mien-phi-mg-tro-vay-toi-70-pr39114589
2024-09-13 21:59:15,633 - INFO - Fetching details from: https://batdongsan.com.vn/nha-dat-ban-ha-noi/ban-can-ho-chung-cu-phuong-phu-thuong-1-prj-sunshine-golden-river/quy-chuyen-nhuong-moi-nhat-t8-2024-pr40691097
2024-09-13 21:59:15,738 - ERROR - Error fetching details from https://batdongsan.com.vn/nha-dat-ban-ha-noi/ban-can-ho-chung-cu-phuong-phu-thuong-1-prj-sunshine-golden-river/quy-chuyen-nhuong-moi-nhat-t8-2024-pr40691097: 403 Client Error: Forbidden for url: https://batdongsan.com.vn/nha-dat-ban-ha-noi/ban-can-ho-chung-cu-phuong-phu-thuong-1-prj-sunshine-golden-river/quy-chuyen-nhuong-moi-nhat-t8-2024-pr40691097
2024-09-13 21:59:15,740 - INFO - Fetching details from: https://batdongsan.com.vn/nha-dat-ban-ha-noi/ban-can-ho-chung-cu-duong-xuan-dieu-phuong-quang-an-2-prj-d-le-roi-soleil/quy-cao-cap-3-mat-view-tay-tren-b-ao-qu-tai-u-soil-pr40852792
2024-09-13 21:59:15,869 - ERROR - Error fetching details from https://batdongsan.com.vn/nha-dat-ban-ha-noi/ban-can-ho-chung-cu-duong-xuan-dieu-phuong-quang-an-2-prj-d-le-roi-soleil/quy-cao-cap-3-mat-view-tay-tren-b-ao-qu-tai-u-soil-pr40852792: 403 Client Error: Forbidden for url: https://batdongsan.com.vn/nha-dat-ban-ha-noi/ban-can-ho-chung-cu-duong-xuan-dieu-phuong-quang-an-2-prj-d-le-roi-soleil/quy-cao-cap-3-mat-view-tay-tren-b-ao-qu-tai-u-soil-pr40852792
2024-09-13 21:59:15,869 - INFO - Fetching details from: https://batdongsan.com.vn/nha-dat-ban-ha-noi/ban-can-ho-chung-cu-phuong-tay-mo-prj-the-victoria-vinhomes-smart-city/cdt-nhan-booking-toa-mik-imperia-chiet-khau-17-cho-khach-booking-lay-dung-nhu-cau-pr40786329
2024-09-13 21:59:16,824 - INFO - Fetching details from: https://batdongsan.com.vn/nha-dat-ban-ha-noi/ban-nha-biet-thu-lien-ke-duong-co-loa-xa-dong-hoi-prj-vinhomes-co-loa/quy-can-vip-mat-ho-ng-vien-doi-dien-chung-cu-vinm-gia-tot-nhat-thi-truong-pr40912014
2024-09-13 21:59:17,531 - INFO - Fetching details from: https://batdongsan.com.vn/nha-dat-ban-ha-noi/ban-can-ho-chung-cu-duong-den-lu-phuong-hoang-van-thu-4-prj-khu-do-thi-den-lu-ii/chinh-chu-em-ban-3-phong-ngu-nha-a2-ban-gap-gia-dep-so-chinh-chu-lh-pr40827784
2024-09-13 21:59:18,104 - INFO - Fetching details from: https://batdongsan.com.vn/nha-dat-ban-ha-noi/ban-nha-biet-thu-lien-ke-duong-co-loa-xa-dong-hoi-prj-vinhomes-co-loa/mo-ban-quy-ong-chi-tu-260tr-m2-san-pham-pho-shophouse-pr40883197
2024-09-13 21:59:18,892 - INFO - Fetching details from: https://batdongsan.com.vn/nha-dat-ban-ha-noi/ban-nha-biet-thu-lien-ke-duong-truong-sa-xa-dong-hoi-prj-vinhomes-co-loa/quy-can-dot-dau-vi-tri-dep-gia-tot-truc-tiep-cdt-tai-vinhome-lh-pr40843071
2024-09-13 21:59:20,041 - INFO - Fetching details from: https://batdongsan.com.vn/nha-dat-ban-ha-noihttps://vaymuanha.batdongsan.com.vn/?utm_source=propertyguru&utm_medium=referral&utm_campaign=native_ads_srp
2024-09-13 21:59:20,152 - ERROR - Error fetching details from https://batdongsan.com.vn/nha-dat-ban-ha-noihttps://vaymuanha.batdongsan.com.vn/?utm_source=propertyguru&utm_medium=referral&utm_campaign=native_ads_srp: 403 Client Error: Forbidden for url: https://batdongsan.com.vn/nha-dat-ban-ha-noihttps://vaymuanha.batdongsan.com.vn/?utm_source=propertyguru&utm_medium=referral&utm_campaign=native_ads_srp
2024-09-13 21:59:20,152 - INFO - List length: 23
2024-09-13 21:59:20,152 - INFO - Final list of estates:
2024-09-13 21:59:20,153 - INFO - [
    {
        "Title": "Vinhomes Cổ Loa Độc Quyền 7 Căn quỹ Thưởng Song Lập, Đơn Lập, View Vườn Hoa Đơn giá 2xxtr/m2",
        "Url": "https://batdongsan.com.vn/nha-dat-ban-ha-noi/ban-nha-biet-thu-lien-ke-duong-co-loa-xa-dong-hoi-prj-vinhomes-co-loa/-doc-quyen-7-can-quy-thuong-song-lap-don-lap-view-vuon-hoa-don-gia-2xxtr-m2-pr40914442",
        "Diện tích": "80 m²",
        "Mức giá": "17 tỷ",
        "Hướng nhà": "Đông - Nam",
        "Số phòng ngủ": "5 phòng",
        "Pháp lý": "Hợp đồng mua bán"
    },
    {
        "Title": "Bảng hàng chuyển nhượng độc quyền T9, giá tốt nhất, KH đc gặp chủ nhà để chốt giá, xem nhà 24/7",
        "Url": "https://batdongsan.com.vn/nha-dat-ban-ha-noi/ban-can-ho-chung-cu-phuong-phu-thuong-1-prj-sunshine-golden-river/bang-hang-chuyen-nhuong-doc-quyen-t9-gia-tot-nhat-kh-dc-gap-chu-nha-de-chot-gia-xem-nha-24-7-pr40881886",
        "Diện tích": "160 m²",
        "Mức giá": "Thỏa thuận",
        "Số phòng ngủ": "3 phòng",
        "Số toilet": "2 phòng",
        "Pháp lý": "Sổ đỏ/ Sổ hồng",
        "Nội thất": "Danh mục nội thất bàn giao là những thương hiệu cao cấp nhất thế giới."
    },
    {
        "Title": "Bán nhà Mạc Thái Tổ, Cầu Giấy, phân lô, ô tô, vỉa hè 40m 6 tầng 14.9 tỷ LH 0976 388 ***",
        "Url": "https://batdongsan.com.vn/nha-dat-ban-ha-noi/ban-nha-rieng-duong-mac-thai-to-phuong-yen-hoa-2/ban-cau-giay-phan-lo-o-via-he-40m-6-tang-14-9-ty-lh-pr40425452",
        "Diện tích": "40 m²",
        "Mức giá": "14,9 tỷ",
        "Mặt tiền": "3,5 m",
        "Đường vào": "9 m",
        "Số tầng": "6 tầng",
        "Số phòng ngủ": "4 phòng",
        "Số toilet": "4 phòng",
        "Pháp lý": "Sổ đỏ/ Sổ hồng",
        "Nội thất": "Đầy đủ"
    },
    {
        "Title": "Ảnh thật Chính chủ cần bán nhà phố Dịch Vọng, ô tô đỗ cửa, gần phố 35.5m2 5 tầng chỉ 7tỷ 0976 388 ***",
        "Url": "https://batdongsan.com.vn/nha-dat-ban-ha-noi/ban-nha-rieng-duong-dich-vong-phuong-dich-vong/anh-that-chinh-chu-can-ban-pho-o-to-do-cua-gan-pho-35-5m2-5-tang-chi-7ty-pr40384169",
        "Diện tích": "35,5 m²",
        "Mức giá": "7 tỷ",
        "Mặt tiền": "3,4 m",
        "Đường vào": "4 m",
        "Số tầng": "5 tầng",
        "Số phòng ngủ": "6 phòng",
        "Số toilet": "5 phòng",
        "Pháp lý": "Sổ đỏ/ Sổ hồng",
        "Nội thất": "Đầy đủ"
    },
    {
        "Title": "Bán nhà Nguyễn Khang, phân lô, 2 mặt ngõ, ô tô, 95m2 4 tầng 4.7m MT nhỉnh 15 tỷ 0976 388 ***",
        "Url": "https://batdongsan.com.vn/nha-dat-ban-ha-noi/ban-nha-rieng-duong-nguyen-khang-phuong-yen-hoa-2/ban-phan-lo-2-mat-ngo-o-to-lo-goc-95m2-4-tang-4-7m-mt-nhinh-15ty-pr40489071",
        "Diện tích": "95 m²",
        "Mức giá": "15,3 tỷ",
        "Mặt tiền": "4,7 m",
        "Đường vào": "4 m",
        "Số tầng": "4 tầng",
        "Số phòng ngủ": "4 phòng",
        "Số toilet": "3 phòng",
        "Pháp lý": "Sổ đỏ/ Sổ hồng",
        "Nội thất": "Đầy đủ"
    },
    {
        "Title": "Bán 46,8m2 đất Mạch Lũng, Đại Mạch, Đông Anh đường to, rộng, ngõ thông ô tô đi",
        "Url": "https://batdongsan.com.vn/nha-dat-ban-ha-noi/ban-dat-duong-23-2-xa-dai-mach/ban-47m2-lung-dong-anh-to-rong-ngo-thong-o-to-di-pr40762100",
        "Diện tích": "46,8 m²",
        "Mức giá": "2,65 tỷ",
        "Mặt tiền": "4 m",
        "Đường vào": "4 m",
        "Pháp lý": "Sổ đỏ/ Sổ hồng"
    },
    {
        "Title": "Chính chủ bán gấp căn 2PN + 2VS căn góc giá 2.85tỷ full đồ tại Vinhomes Ocean Park",
        "Url": "https://batdongsan.com.vn/nha-dat-ban-ha-noi/ban-can-ho-chung-cu-xa-duong-xa-prj-vinhomes-ocean-park-gia-lam/chinh-chu-ban-gap-2pn-2vs-goc-2-5ty-full-do-tai-park-pr39541573",
        "Diện tích": "64,8 m²",
        "Mức giá": "2,85 tỷ",
        "Số phòng ngủ": "2 phòng",
        "Số toilet": "2 phòng",
        "Pháp lý": "Sổ đỏ/ Sổ hồng.",
        "Nội thất": "Full nội thất cao cấp."
    },
    {
        "Title": "Chính chủ liền kề 201 Nguyễn Tuân HDI Homes, MT 7,5m 5 tầng 1 hầm hướng ĐN, cho thuê 50tr/tháng",
        "Url": "https://batdongsan.com.vn/nha-dat-ban-ha-noi/ban-nha-biet-thu-lien-ke-duong-nguyen-tuan-phuong-nhan-chinh-prj-hdi-homes-nguyen-tuan/-chu-201-mt-7-5m-4-tang-1-ham-huong-dn-cho-thue-50tr-thang-pr40114247",
        "Diện tích": "98 m²",
        "Mức giá": "38 tỷ",
        "Mặt tiền": "7,5 m",
        "Đường vào": "12 m",
        "Hướng nhà": "Đông - Nam",
        "Hướng ban công": "Đông - Nam",
        "Số tầng": "5 tầng",
        "Số phòng ngủ": "4 phòng",
        "Số toilet": "4 phòng",
        "Pháp lý": "Sổ đỏ/ Sổ hồng"
    },
    {
        "Title": "CCMN 8 tầng lô góc - 29 phòng - ngõ ô tô vào nhà - đã lấp kín phòng - dòng tiền hơn 2 tỷ/năm",
        "Url": "https://batdongsan.com.vn/nha-dat-ban-ha-noi/ban-nha-rieng-duong-ho-tung-mau-phuong-mai-dich/ccmn-8-tang-lo-goc-29-phong-ngo-oto-vao-da-lap-kin-phong-dong-tien-hon-2-ty-nam-pr40831361",
        "Diện tích": "100 m²",
        "Mức giá": "28,5 tỷ",
        "Đường vào": "3,5 m",
        "Số tầng": "8 tầng",
        "Số phòng ngủ": "29 phòng",
        "Số toilet": "30 phòng",
        "Pháp lý": "Sổ đỏ/ Sổ hồng",
        "Nội thất": "Đầy đủ"
    },
    {
        "Title": "Bán căn hộ sân vườn cao cấp Golden River Tây Hồ - Rẻ hơn giá gốc CĐT, 141m2 đến 211m2 từ 80tr/m2",
        "Url": "https://batdongsan.com.vn/nha-dat-ban-ha-noi/ban-can-ho-chung-cu-phuong-phu-thuong-1-prj-sunshine-golden-river/ban-2-cao-cap-ko-gian-song-xanh-142m2-va-160m2-re-hon-gia-goc-cdt-pr40768951",
        "Diện tích": "159,8 m²",
        "Mức giá": "80 triệu/m²",
        "Hướng nhà": "Bắc",
        "Hướng ban công": "Nam",
        "Số phòng ngủ": "3 phòng",
        "Số toilet": "2 phòng",
        "Nội thất": "Đầy đủ"
    },
    {
        "Title": "Chính thức mở bán Vinhomes Cổ Loa - quỹ căn đẹp nhất, giá tốt nhất: Liền kề, shophouse, biệt thự",
        "Url": "https://batdongsan.com.vn/nha-dat-ban-ha-noi/ban-nha-biet-thu-lien-ke-duong-co-loa-xa-dong-hoi-prj-vinhomes-co-loa/chinh-thuc-mo-ban-quy-can-dep-nhat-gia-tot-nhat-shophouse-thu-pr40885700",
        "Diện tích": "63 m²",
        "Mức giá": "17,8 tỷ",
        "Mặt tiền": "4,5 m",
        "Số tầng": "5 tầng"
    },
    {
        "Title": "Quỹ căn hộ Studio, 1N, 2N, 3N chính chủ gửi bán pháp lý rõ ràng, giá cắt lỗ tại Ocean Park",
        "Url": "https://batdongsan.com.vn/nha-dat-ban-ha-noi/ban-can-ho-chung-cu-xa-duong-xa-prj-vinhomes-ocean-park-gia-lam/thanh-trung-group-quy-chinh-chu-gui-ban-phap-ly-ro-rang-p-ly-nhat-pr39722407",
        "Diện tích": "43 m²",
        "Mức giá": "2,2 tỷ",
        "Hướng nhà": "Tây",
        "Hướng ban công": "Đông - Nam",
        "Số phòng ngủ": "1 phòng",
        "Số toilet": "1 phòng",
        "Pháp lý": "Sổ đỏ/ Sổ hồng",
        "Nội thất": "Đầy đủ."
    },
    {
        "Title": "TOP3 căn đối diện chung cư, view vườn hoa, áp góc chung cư giá siêu tốt LH : 0929 949 ***",
        "Url": "https://batdongsan.com.vn/nha-dat-ban-ha-noi/ban-nha-biet-thu-lien-ke-duong-co-loa-xa-dong-hoi-prj-vinhomes-co-loa/top3-can-doi-dien-chung-cu-view-vuon-hoa-ap-goc-chung-cu-gia-sieu-tot-lh-pr40909497",
        "Diện tích": "93,6 m²",
        "Mức giá": "20 tỷ",
        "Mặt tiền": "5 m",
        "Đường vào": "13 m",
        "Hướng nhà": "Tây - Nam",
        "Hướng ban công": "Tây - Nam",
        "Số tầng": "5 tầng",
        "Số phòng ngủ": "5 phòng",
        "Số toilet": "5 phòng",
        "Pháp lý": "Hợp đồng mua bán",
        "Nội thất": "Cơ bản"
    },
    {
        "Title": "Quỹ chuyển nhượng độc quyền Vinhomes Ocean Park, giá tận gốc, pháp lý rõ ràng",
        "Url": "https://batdongsan.com.vn/nha-dat-ban-ha-noi/ban-can-ho-chung-cu-xa-duong-xa-prj-vinhomes-ocean-park-gia-lam/quy-chuyen-nhuong-doc-quyen-tan-goc-phap-ly-ro-rang-pr40302007",
        "Diện tích": "55 m²",
        "Mức giá": "2,75 tỷ",
        "Hướng nhà": "Đông - Nam",
        "Hướng ban công": "Đông - Bắc",
        "Số phòng ngủ": "2 phòng",
        "Số toilet": "1 phòng",
        "Pháp lý": "Sổ đỏ/ Sổ hồng",
        "Nội thất": "Đầy đủ."
    },
    {
        "Title": "Mở bán đợt đầu dự án Vinhomes Cổ Loa - Vinhomes Global Gate Đông Anh Hà Nội",
        "Url": "https://batdongsan.com.vn/nha-dat-ban-ha-noi/ban-nha-biet-thu-lien-ke-duong-co-loa-xa-dong-hoi-prj-vinhomes-co-loa/mo-ban-dot-dau-du-an-global-gate-anh-ha-noi-pr40878721",
        "Diện tích": "75 m²",
        "Mức giá": "20 tỷ",
        "Mặt tiền": "5 m",
        "Đường vào": "13 m",
        "Hướng nhà": "Đông - Bắc",
        "Hướng ban công": "Đông - Bắc",
        "Số tầng": "5 tầng",
        "Số phòng ngủ": "6 phòng",
        "Số toilet": "6 phòng",
        "Pháp lý": "Hợp đồng mua bán",
        "Nội thất": "Không nội thất"
    },
    {
        "Title": "Chuyển đổi đầu tư, cần bán một số căn tại dự án Louis City Hoàng Mai",
        "Url": "https://batdongsan.com.vn/nha-dat-ban-ha-noi/ban-nha-biet-thu-lien-ke-duong-tan-mai-phuong-hoang-van-thu-4-prj-louis-city-hoang-mai/chuyen-huong-dau-tu-can-ban-2-can-shophouse-mat-22-5m-va-mat-17m-tai-du-an-city-pr39746125",
        "Diện tích": "95 m²",
        "Mức giá": "Thỏa thuận",
        "Mặt tiền": "5 m",
        "Đường vào": "22 m",
        "Hướng nhà": "Đông - Nam",
        "Hướng ban công": "Nam",
        "Số tầng": "5 tầng",
        "Số phòng ngủ": "8 phòng",
        "Số toilet": "5 phòng",
        "Pháp lý": "Sổ đỏ",
        "Nội thất": "Không nội thất."
    },
    {
        "Title": "Mở bán chung cư 2PN - THE LONDON - Vin OCP1 - 2 năm đóng 15% GTCH - HTLS 30 tháng - CK lên tới 17%",
        "Url": "https://batdongsan.com.vn/nha-dat-ban-ha-noi/ban-can-ho-chung-cu-xa-duong-xa-prj-vinhomes-ocean-park-gia-lam/mo-ban-2pn-the-london-vin-ocp1-2-nam-dong-15-gtch-htls-30-thang-ck-len-toi-17-pr40903908",
        "Diện tích": "62 m²",
        "Mức giá": "3,65 tỷ",
        "Pháp lý": "Sổ đỏ/ Sổ hồng"
    },
    {
        "Title": "Quỹ căn stu,1-3PN chính chủ view đẹp, pháp lý rõ ràng, giá rẻ nhất, cắt lỗ tại Vinhomes Oceanpark",
        "Url": "https://batdongsan.com.vn/nha-dat-ban-ha-noi/ban-can-ho-chung-cu-xa-duong-xa-prj-vinhomes-ocean-park-gia-lam/quy-view-dep-chinh-chu-ban-cat-lo-tu-300tr-so-do-chinh-chu-mien-phi-mg-tro-vay-toi-70-pr39114589",
        "Diện tích": "59 m²",
        "Mức giá": "2,4 tỷ",
        "Số phòng ngủ": "2 phòng",
        "Số toilet": "1 phòng",
        "Pháp lý": "Sổ đỏ/ Sổ hồng."
    },
    {
        "Title": "CĐT nhận booking tòa Victoria - MIK Imperia chiết khấu 17% cho khách booking, lấy căn đúng nhu cầu",
        "Url": "https://batdongsan.com.vn/nha-dat-ban-ha-noi/ban-can-ho-chung-cu-phuong-tay-mo-prj-the-victoria-vinhomes-smart-city/cdt-nhan-booking-toa-mik-imperia-chiet-khau-17-cho-khach-booking-lay-dung-nhu-cau-pr40786329",
        "Diện tích": "43 m²",
        "Mức giá": "Thỏa thuận",
        "Số phòng ngủ": "1 phòng",
        "Số toilet": "1 phòng",
        "Pháp lý": "Sổ đỏ/ Sổ hồng.",
        "Nội thất": "Đầy đủ - bàn giao full nội thất liền tường cao cấp. Điều hoà âm trần."
    },
    {
        "Title": "QUỸ CĂN VIP VINHOMES CỔ LOA ,MẶT HỒ, CÔNG VIÊN , ĐỐI DIỆN CHUNG CƯ, VINCOM GIÁ TỐT NHẤT THỊ TRƯỜNG",
        "Url": "https://batdongsan.com.vn/nha-dat-ban-ha-noi/ban-nha-biet-thu-lien-ke-duong-co-loa-xa-dong-hoi-prj-vinhomes-co-loa/quy-can-vip-mat-ho-ng-vien-doi-dien-chung-cu-vinm-gia-tot-nhat-thi-truong-pr40912014",
        "Diện tích": "136 m²",
        "Mức giá": "49,5 tỷ",
        "Mặt tiền": "15 m",
        "Đường vào": "30 m",
        "Hướng nhà": "Đông - Nam",
        "Hướng ban công": "Đông - Nam",
        "Số tầng": "1 tầng",
        "Số phòng ngủ": "4 phòng",
        "Số toilet": "3 phòng",
        "Pháp lý": "Hợp đồng mua bán",
        "Nội thất": "Không nội thất"
    },
    {
        "Title": "Chính chủ em cần bán căn 3 phòng ngủ nhà A2 Đền Lừ, bán gấp giá đẹp. Sổ đỏ chính chủ LH 0915 057 ***",
        "Url": "https://batdongsan.com.vn/nha-dat-ban-ha-noi/ban-can-ho-chung-cu-duong-den-lu-phuong-hoang-van-thu-4-prj-khu-do-thi-den-lu-ii/chinh-chu-em-ban-3-phong-ngu-nha-a2-ban-gap-gia-dep-so-chinh-chu-lh-pr40827784",
        "Diện tích": "71 m²",
        "Mức giá": "3,6 tỷ",
        "Hướng nhà": "Tây - Bắc",
        "Hướng ban công": "Đông - Nam",
        "Số phòng ngủ": "3 phòng",
        "Số toilet": "2 phòng",
        "Pháp lý": "Sổ đỏ/ Sổ hồng",
        "Nội thất": "Đầy đủ."
    },
    {
        "Title": "Mở bán quỹ thưởng Vinhomes Cổ Loa chỉ từ 260tr/m2 sản phẩm nhà phố, liền kề, biệt thự, shophouse",
        "Url": "https://batdongsan.com.vn/nha-dat-ban-ha-noi/ban-nha-biet-thu-lien-ke-duong-co-loa-xa-dong-hoi-prj-vinhomes-co-loa/mo-ban-quy-ong-chi-tu-260tr-m2-san-pham-pho-shophouse-pr40883197",
        "Diện tích": "62,5 m²",
        "Mức giá": "17 tỷ",
        "Mặt tiền": "5 m",
        "Đường vào": "20 m",
        "Hướng nhà": "Đông - Nam",
        "Số tầng": "5 tầng",
        "Số phòng ngủ": "8 phòng",
        "Pháp lý": "Sổ đỏ/ Sổ hồng"
    },
    {
        "Title": "Mở bán quỹ buôn Vinhomes Cổ Loa giá tốt-vị trí cạnh chung cư, hồ 32ha. LH 0901 766 ***",
        "Url": "https://batdongsan.com.vn/nha-dat-ban-ha-noi/ban-nha-biet-thu-lien-ke-duong-truong-sa-xa-dong-hoi-prj-vinhomes-co-loa/quy-can-dot-dau-vi-tri-dep-gia-tot-truc-tiep-cdt-tai-vinhome-lh-pr40843071",
        "Diện tích": "63 m²",
        "Mức giá": "250 triệu/m²"
    }
]
2024-09-16 22:55:50,788 - INFO - Fetching page 1 from URL: https://batdongsan.com.vn/nha-dat-ban-ha-noi/p1
2024-09-16 22:55:50,998 - ERROR - Error fetching page 1: 403 Client Error: Forbidden for url: https://batdongsan.com.vn/nha-dat-ban-ha-noi/p1
2024-09-16 22:55:50,999 - INFO - Fetching page 2 from URL: https://batdongsan.com.vn/nha-dat-ban-ha-noi/p2
2024-09-16 22:55:51,142 - ERROR - Error fetching page 2: 403 Client Error: Forbidden for url: https://batdongsan.com.vn/nha-dat-ban-ha-noi/p2
2024-09-16 22:55:51,142 - INFO - Fetching page 3 from URL: https://batdongsan.com.vn/nha-dat-ban-ha-noi/p3
2024-09-16 22:55:51,273 - ERROR - Error fetching page 3: 429 Client Error: Too Many Requests for url: https://batdongsan.com.vn/nha-dat-ban-ha-noi/p3
2024-09-16 22:55:51,273 - INFO - Fetching page 4 from URL: https://batdongsan.com.vn/nha-dat-ban-ha-noi/p4
2024-09-16 22:55:51,420 - ERROR - Error fetching page 4: 403 Client Error: Forbidden for url: https://batdongsan.com.vn/nha-dat-ban-ha-noi/p4
2024-09-16 22:55:51,420 - INFO - Fetching page 5 from URL: https://batdongsan.com.vn/nha-dat-ban-ha-noi/p5
2024-09-16 22:55:51,549 - ERROR - Error fetching page 5: 403 Client Error: Forbidden for url: https://batdongsan.com.vn/nha-dat-ban-ha-noi/p5
